{
  "RSpec": {
    "coverage": {
      "/Users/richardgeoghegan 1/Desktop/Makers/Week_1/Airport/airport_challenge/spec/airport_spec.rb": [
        1,
        null,
        null,
        null,
        null,
        null,
        null,
        null,
        null,
        null,
        null,
        null,
        null,
        1,
        null,
        1,
        1,
        null,
        1,
        null,
        null,
        null,
        null,
        1,
        null,
        null,
        1,
        1,
        null,
        null,
        1,
        1,
        null,
        null,
        null,
        null,
        null,
        null,
        null,
        null,
        null,
        null,
        null,
        null,
        null,
        null,
        null,
        null,
        null,
        null,
        null,
        null,
        null,
        null,
        null,
        null,
        null,
        null,
        null
      ],
      "/Users/richardgeoghegan 1/Desktop/Makers/Week_1/Airport/airport_challenge/lib/airport.rb": [
        1,
        null,
        null,
        null
      ],
      "/Users/richardgeoghegan 1/Desktop/Makers/Week_1/Airport/airport_challenge/spec/plane_spec.rb": [
        1,
        null,
        null,
        null,
        null,
        null,
        null,
        null,
        null,
        null,
        null,
        null,
        null,
        null,
        null,
        null,
        1,
        null,
        1,
        null,
        null,
        null,
        1,
        null,
        null,
        1,
        null,
        null,
        null,
        1,
        null,
        null,
        null,
        1,
        null,
        null,
        null,
        null
      ],
      "/Users/richardgeoghegan 1/Desktop/Makers/Week_1/Airport/airport_challenge/lib/plane.rb": [
        1,
        null,
        null
      ]
    },
    "timestamp": 1438121071
  }
}
